{"/Users/fleviankanaiza/Documents/cpp1/cp1-news-app/client/js/actions/AppActions.js": {"path":"/Users/fleviankanaiza/Documents/cpp1/cp1-news-app/client/js/actions/AppActions.js","statementMap":{"0":{"start":{"line":3,"column":14},"end":{"line":3,"column":30}},"1":{"start":{"line":5,"column":15},"end":{"line":5,"column":40}},"2":{"start":{"line":6,"column":15},"end":{"line":6,"column":49}},"3":{"start":{"line":10,"column":16},"end":{"line":10,"column":116}},"4":{"start":{"line":12,"column":4},"end":{"line":22,"column":9}},"5":{"start":{"line":14,"column":25},"end":{"line":14,"column":47}},"6":{"start":{"line":15,"column":8},"end":{"line":18,"column":10}},"7":{"start":{"line":25,"column":16},"end":{"line":25,"column":81}},"8":{"start":{"line":27,"column":4},"end":{"line":37,"column":9}},"9":{"start":{"line":29,"column":24},"end":{"line":29,"column":45}},"10":{"start":{"line":30,"column":8},"end":{"line":33,"column":10}}},"fnMap":{"0":{"name":"(anonymous_0)","decl":{"start":{"line":9,"column":2},"end":{"line":9,"column":3}},"loc":{"start":{"line":9,"column":42},"end":{"line":23,"column":3}},"line":9},"1":{"name":"(anonymous_1)","decl":{"start":{"line":13,"column":12},"end":{"line":13,"column":13}},"loc":{"start":{"line":13,"column":26},"end":{"line":19,"column":7}},"line":13},"2":{"name":"(anonymous_2)","decl":{"start":{"line":20,"column":13},"end":{"line":20,"column":14}},"loc":{"start":{"line":20,"column":30},"end":{"line":22,"column":7}},"line":20},"3":{"name":"(anonymous_3)","decl":{"start":{"line":24,"column":2},"end":{"line":24,"column":3}},"loc":{"start":{"line":24,"column":44},"end":{"line":38,"column":3}},"line":24},"4":{"name":"(anonymous_4)","decl":{"start":{"line":28,"column":12},"end":{"line":28,"column":13}},"loc":{"start":{"line":28,"column":26},"end":{"line":34,"column":7}},"line":28},"5":{"name":"(anonymous_5)","decl":{"start":{"line":35,"column":13},"end":{"line":35,"column":14}},"loc":{"start":{"line":35,"column":30},"end":{"line":37,"column":7}},"line":35}},"branchMap":{},"s":{"0":4,"1":4,"2":4,"3":2,"4":2,"5":0,"6":0,"7":3,"8":3,"9":0,"10":0},"f":{"0":2,"1":0,"2":1,"3":3,"4":0,"5":2},"b":{},"_coverageSchema":"332fd63041d2c1bcb487cc26dd0d5f7d97098a6c","hash":"cb387228e3b7c960cdaa0f257468b599d6f31905"}
,"/Users/fleviankanaiza/Documents/cpp1/cp1-news-app/client/js/components/App.jsx": {"path":"/Users/fleviankanaiza/Documents/cpp1/cp1-news-app/client/js/components/App.jsx","statementMap":{"0":{"start":{"line":8,"column":4},"end":{"line":15,"column":6}}},"fnMap":{"0":{"name":"(anonymous_0)","decl":{"start":{"line":7,"column":2},"end":{"line":7,"column":3}},"loc":{"start":{"line":7,"column":11},"end":{"line":16,"column":3}},"line":7}},"branchMap":{},"s":{"0":1},"f":{"0":1},"b":{},"_coverageSchema":"332fd63041d2c1bcb487cc26dd0d5f7d97098a6c","hash":"e57a3e5930a8396c6c1e54e8c1ae3621a448d26d"}
,"/Users/fleviankanaiza/Documents/cpp1/cp1-news-app/client/js/components/Articles.jsx": {"path":"/Users/fleviankanaiza/Documents/cpp1/cp1-news-app/client/js/components/Articles.jsx","statementMap":{"0":{"start":{"line":8,"column":16},"end":{"line":12,"column":1}},"1":{"start":{"line":16,"column":4},"end":{"line":16,"column":26}},"2":{"start":{"line":17,"column":4},"end":{"line":23,"column":5}},"3":{"start":{"line":24,"column":4},"end":{"line":24,"column":45}},"4":{"start":{"line":25,"column":4},"end":{"line":25,"column":55}},"5":{"start":{"line":28,"column":4},"end":{"line":28,"column":67}},"6":{"start":{"line":29,"column":4},"end":{"line":29,"column":46}},"7":{"start":{"line":33,"column":4},"end":{"line":33,"column":67}},"8":{"start":{"line":34,"column":4},"end":{"line":34,"column":46}},"9":{"start":{"line":37,"column":4},"end":{"line":37,"column":55}},"10":{"start":{"line":40,"column":19},"end":{"line":40,"column":30}},"11":{"start":{"line":41,"column":4},"end":{"line":43,"column":7}},"12":{"start":{"line":44,"column":4},"end":{"line":44,"column":56}},"13":{"start":{"line":45,"column":4},"end":{"line":45,"column":46}},"14":{"start":{"line":51,"column":4},"end":{"line":51,"column":71}},"15":{"start":{"line":56,"column":25},"end":{"line":56,"column":35}},"16":{"start":{"line":58,"column":4},"end":{"line":77,"column":6}}},"fnMap":{"0":{"name":"(anonymous_0)","decl":{"start":{"line":15,"column":2},"end":{"line":15,"column":3}},"loc":{"start":{"line":15,"column":30},"end":{"line":26,"column":3}},"line":15},"1":{"name":"(anonymous_1)","decl":{"start":{"line":27,"column":2},"end":{"line":27,"column":3}},"loc":{"start":{"line":27,"column":22},"end":{"line":30,"column":3}},"line":27},"2":{"name":"(anonymous_2)","decl":{"start":{"line":32,"column":2},"end":{"line":32,"column":3}},"loc":{"start":{"line":32,"column":30},"end":{"line":35,"column":3}},"line":32},"3":{"name":"(anonymous_3)","decl":{"start":{"line":36,"column":2},"end":{"line":36,"column":3}},"loc":{"start":{"line":36,"column":13},"end":{"line":38,"column":3}},"line":36},"4":{"name":"(anonymous_4)","decl":{"start":{"line":39,"column":2},"end":{"line":39,"column":3}},"loc":{"start":{"line":39,"column":23},"end":{"line":46,"column":3}},"line":39},"5":{"name":"(anonymous_5)","decl":{"start":{"line":47,"column":2},"end":{"line":47,"column":3}},"loc":{"start":{"line":47,"column":31},"end":{"line":52,"column":3}},"line":47},"6":{"name":"(anonymous_6)","decl":{"start":{"line":55,"column":2},"end":{"line":55,"column":3}},"loc":{"start":{"line":55,"column":11},"end":{"line":78,"column":3}},"line":55}},"branchMap":{},"s":{"0":3,"1":5,"2":5,"3":5,"4":5,"5":2,"6":2,"7":0,"8":0,"9":0,"10":0,"11":0,"12":0,"13":0,"14":0,"15":6,"16":6},"f":{"0":5,"1":2,"2":0,"3":0,"4":0,"5":0,"6":6},"b":{},"_coverageSchema":"332fd63041d2c1bcb487cc26dd0d5f7d97098a6c","hash":"0f267050432307d77a6a125a1e1e0307a35f922c"}
,"/Users/fleviankanaiza/Documents/cpp1/cp1-news-app/client/js/components/Content.jsx": {"path":"/Users/fleviankanaiza/Documents/cpp1/cp1-news-app/client/js/components/Content.jsx","statementMap":{"0":{"start":{"line":8,"column":4},"end":{"line":8,"column":26}},"1":{"start":{"line":9,"column":4},"end":{"line":13,"column":5}},"2":{"start":{"line":14,"column":4},"end":{"line":14,"column":53}},"3":{"start":{"line":15,"column":4},"end":{"line":15,"column":63}},"4":{"start":{"line":19,"column":21},"end":{"line":19,"column":30}},"5":{"start":{"line":20,"column":23},"end":{"line":20,"column":34}},"6":{"start":{"line":21,"column":4},"end":{"line":24,"column":7}},"7":{"start":{"line":27,"column":4},"end":{"line":30,"column":7}},"8":{"start":{"line":35,"column":4},"end":{"line":44,"column":6}}},"fnMap":{"0":{"name":"(anonymous_0)","decl":{"start":{"line":7,"column":2},"end":{"line":7,"column":3}},"loc":{"start":{"line":7,"column":30},"end":{"line":16,"column":3}},"line":7},"1":{"name":"(anonymous_1)","decl":{"start":{"line":18,"column":2},"end":{"line":18,"column":3}},"loc":{"start":{"line":18,"column":44},"end":{"line":25,"column":3}},"line":18},"2":{"name":"(anonymous_2)","decl":{"start":{"line":26,"column":2},"end":{"line":26,"column":3}},"loc":{"start":{"line":26,"column":22},"end":{"line":31,"column":3}},"line":26},"3":{"name":"(anonymous_3)","decl":{"start":{"line":34,"column":2},"end":{"line":34,"column":3}},"loc":{"start":{"line":34,"column":11},"end":{"line":45,"column":3}},"line":34}},"branchMap":{},"s":{"0":1,"1":1,"2":1,"3":1,"4":0,"5":0,"6":0,"7":0,"8":1},"f":{"0":1,"1":0,"2":0,"3":1},"b":{},"_coverageSchema":"332fd63041d2c1bcb487cc26dd0d5f7d97098a6c","hash":"0558b60c785c377b743bb66e65843a60d753e8b3"}
,"/Users/fleviankanaiza/Documents/cpp1/cp1-news-app/client/js/components/Header.jsx": {"path":"/Users/fleviankanaiza/Documents/cpp1/cp1-news-app/client/js/components/Header.jsx","statementMap":{"0":{"start":{"line":9,"column":4},"end":{"line":19,"column":6}}},"fnMap":{"0":{"name":"(anonymous_0)","decl":{"start":{"line":8,"column":2},"end":{"line":8,"column":3}},"loc":{"start":{"line":8,"column":11},"end":{"line":20,"column":3}},"line":8}},"branchMap":{},"s":{"0":1},"f":{"0":1},"b":{},"_coverageSchema":"332fd63041d2c1bcb487cc26dd0d5f7d97098a6c","hash":"f87622591b9ffaabe35f740c10150fde64fcbd22"}
,"/Users/fleviankanaiza/Documents/cpp1/cp1-news-app/client/js/components/Login.jsx": {"path":"/Users/fleviankanaiza/Documents/cpp1/cp1-news-app/client/js/components/Login.jsx","statementMap":{"0":{"start":{"line":7,"column":4},"end":{"line":7,"column":26}},"1":{"start":{"line":11,"column":19},"end":{"line":11,"column":56}},"2":{"start":{"line":18,"column":4},"end":{"line":26,"column":6}}},"fnMap":{"0":{"name":"(anonymous_0)","decl":{"start":{"line":6,"column":2},"end":{"line":6,"column":3}},"loc":{"start":{"line":6,"column":30},"end":{"line":8,"column":3}},"line":6},"1":{"name":"(anonymous_1)","decl":{"start":{"line":10,"column":2},"end":{"line":10,"column":3}},"loc":{"start":{"line":10,"column":29},"end":{"line":15,"column":3}},"line":10},"2":{"name":"(anonymous_2)","decl":{"start":{"line":17,"column":2},"end":{"line":17,"column":3}},"loc":{"start":{"line":17,"column":11},"end":{"line":27,"column":3}},"line":17}},"branchMap":{},"s":{"0":1,"1":0,"2":1},"f":{"0":1,"1":0,"2":1},"b":{},"_coverageSchema":"332fd63041d2c1bcb487cc26dd0d5f7d97098a6c","hash":"d449749fa599a2709b6b72005c3fa4693686e9e5"}
,"/Users/fleviankanaiza/Documents/cpp1/cp1-news-app/client/js/components/Sources.jsx": {"path":"/Users/fleviankanaiza/Documents/cpp1/cp1-news-app/client/js/components/Sources.jsx","statementMap":{"0":{"start":{"line":8,"column":16},"end":{"line":30,"column":1}},"1":{"start":{"line":33,"column":4},"end":{"line":33,"column":12}},"2":{"start":{"line":34,"column":4},"end":{"line":41,"column":5}},"3":{"start":{"line":42,"column":4},"end":{"line":42,"column":45}},"4":{"start":{"line":43,"column":4},"end":{"line":43,"column":65}},"5":{"start":{"line":46,"column":4},"end":{"line":46,"column":100}},"6":{"start":{"line":47,"column":4},"end":{"line":47,"column":46}},"7":{"start":{"line":51,"column":4},"end":{"line":51,"column":53}},"8":{"start":{"line":54,"column":28},"end":{"line":54,"column":40}},"9":{"start":{"line":56,"column":4},"end":{"line":63,"column":7}},"10":{"start":{"line":57,"column":24},"end":{"line":59,"column":8}},"11":{"start":{"line":60,"column":6},"end":{"line":62,"column":9}},"12":{"start":{"line":65,"column":4},"end":{"line":65,"column":100}},"13":{"start":{"line":66,"column":4},"end":{"line":66,"column":46}},"14":{"start":{"line":69,"column":4},"end":{"line":69,"column":30}},"15":{"start":{"line":70,"column":4},"end":{"line":74,"column":8}},"16":{"start":{"line":70,"column":34},"end":{"line":74,"column":5}},"17":{"start":{"line":84,"column":12},"end":{"line":84,"column":22}},"18":{"start":{"line":87,"column":24},"end":{"line":100,"column":6}},"19":{"start":{"line":88,"column":6},"end":{"line":99,"column":8}},"20":{"start":{"line":94,"column":29},"end":{"line":94,"column":81}},"21":{"start":{"line":102,"column":4},"end":{"line":141,"column":6}},"22":{"start":{"line":120,"column":12},"end":{"line":122,"column":21}},"23":{"start":{"line":132,"column":12},"end":{"line":134,"column":21}}},"fnMap":{"0":{"name":"(anonymous_0)","decl":{"start":{"line":32,"column":2},"end":{"line":32,"column":3}},"loc":{"start":{"line":32,"column":16},"end":{"line":44,"column":3}},"line":32},"1":{"name":"(anonymous_1)","decl":{"start":{"line":45,"column":2},"end":{"line":45,"column":3}},"loc":{"start":{"line":45,"column":22},"end":{"line":48,"column":3}},"line":45},"2":{"name":"(anonymous_2)","decl":{"start":{"line":50,"column":2},"end":{"line":50,"column":3}},"loc":{"start":{"line":50,"column":13},"end":{"line":52,"column":3}},"line":50},"3":{"name":"(anonymous_3)","decl":{"start":{"line":53,"column":2},"end":{"line":53,"column":3}},"loc":{"start":{"line":53,"column":28},"end":{"line":67,"column":3}},"line":53},"4":{"name":"(anonymous_4)","decl":{"start":{"line":56,"column":18},"end":{"line":56,"column":19}},"loc":{"start":{"line":56,"column":33},"end":{"line":63,"column":5}},"line":56},"5":{"name":"(anonymous_5)","decl":{"start":{"line":68,"column":2},"end":{"line":68,"column":3}},"loc":{"start":{"line":68,"column":19},"end":{"line":75,"column":3}},"line":68},"6":{"name":"(anonymous_6)","decl":{"start":{"line":70,"column":23},"end":{"line":70,"column":24}},"loc":{"start":{"line":70,"column":34},"end":{"line":74,"column":5}},"line":70},"7":{"name":"(anonymous_7)","decl":{"start":{"line":76,"column":2},"end":{"line":76,"column":3}},"loc":{"start":{"line":76,"column":11},"end":{"line":142,"column":3}},"line":76},"8":{"name":"(anonymous_8)","decl":{"start":{"line":87,"column":36},"end":{"line":87,"column":37}},"loc":{"start":{"line":87,"column":48},"end":{"line":100,"column":5}},"line":87},"9":{"name":"(anonymous_9)","decl":{"start":{"line":94,"column":21},"end":{"line":94,"column":22}},"loc":{"start":{"line":94,"column":27},"end":{"line":94,"column":83}},"line":94},"10":{"name":"(anonymous_10)","decl":{"start":{"line":119,"column":36},"end":{"line":119,"column":37}},"loc":{"start":{"line":120,"column":12},"end":{"line":122,"column":21}},"line":120},"11":{"name":"(anonymous_11)","decl":{"start":{"line":131,"column":47},"end":{"line":131,"column":48}},"loc":{"start":{"line":132,"column":12},"end":{"line":134,"column":21}},"line":132}},"branchMap":{},"s":{"0":3,"1":16,"2":16,"3":16,"4":16,"5":1,"6":1,"7":0,"8":2,"9":2,"10":2,"11":2,"12":2,"13":2,"14":19,"15":19,"16":2,"17":19,"18":19,"19":2,"20":0,"21":19,"22":57,"23":63},"f":{"0":16,"1":1,"2":0,"3":2,"4":2,"5":19,"6":2,"7":19,"8":2,"9":0,"10":57,"11":63},"b":{},"_coverageSchema":"332fd63041d2c1bcb487cc26dd0d5f7d97098a6c","hash":"802b4216591817ef2bb45db79285c79512964d21"}
,"/Users/fleviankanaiza/Documents/cpp1/cp1-news-app/client/js/constants/AppConstants.js": {"path":"/Users/fleviankanaiza/Documents/cpp1/cp1-news-app/client/js/constants/AppConstants.js","statementMap":{"0":{"start":{"line":1,"column":0},"end":{"line":4,"column":2}}},"fnMap":{},"branchMap":{},"s":{"0":5},"f":{},"b":{},"_coverageSchema":"332fd63041d2c1bcb487cc26dd0d5f7d97098a6c","hash":"c060c273385c84b9e83f62a904783e7173ca52ef"}
,"/Users/fleviankanaiza/Documents/cpp1/cp1-news-app/client/js/dispatchers/AppDispatcher.js": {"path":"/Users/fleviankanaiza/Documents/cpp1/cp1-news-app/client/js/dispatchers/AppDispatcher.js","statementMap":{},"fnMap":{},"branchMap":{},"s":{},"f":{},"b":{},"_coverageSchema":"332fd63041d2c1bcb487cc26dd0d5f7d97098a6c","hash":"eab3544e2d062e0861370cf865a72993bd520ad9"}
,"/Users/fleviankanaiza/Documents/cpp1/cp1-news-app/client/js/stores/AppStore.js": {"path":"/Users/fleviankanaiza/Documents/cpp1/cp1-news-app/client/js/stores/AppStore.js","statementMap":{"0":{"start":{"line":5,"column":18},"end":{"line":5,"column":26}},"1":{"start":{"line":9,"column":4},"end":{"line":9,"column":12}},"2":{"start":{"line":10,"column":4},"end":{"line":13,"column":5}},"3":{"start":{"line":14,"column":4},"end":{"line":14,"column":84}},"4":{"start":{"line":15,"column":4},"end":{"line":15,"column":49}},"5":{"start":{"line":16,"column":4},"end":{"line":16,"column":51}},"6":{"start":{"line":19,"column":4},"end":{"line":19,"column":25}},"7":{"start":{"line":23,"column":4},"end":{"line":23,"column":32}},"8":{"start":{"line":24,"column":4},"end":{"line":24,"column":31}},"9":{"start":{"line":27,"column":4},"end":{"line":27,"column":30}},"10":{"start":{"line":32,"column":4},"end":{"line":32,"column":34}},"11":{"start":{"line":33,"column":4},"end":{"line":33,"column":31}},"12":{"start":{"line":36,"column":4},"end":{"line":36,"column":31}},"13":{"start":{"line":39,"column":4},"end":{"line":39,"column":33}},"14":{"start":{"line":43,"column":4},"end":{"line":43,"column":45}},"15":{"start":{"line":47,"column":4},"end":{"line":53,"column":5}},"16":{"start":{"line":49,"column":8},"end":{"line":49,"column":38}},"17":{"start":{"line":50,"column":8},"end":{"line":50,"column":14}},"18":{"start":{"line":52,"column":8},"end":{"line":52,"column":37}},"19":{"start":{"line":55,"column":4},"end":{"line":55,"column":16}},"20":{"start":{"line":59,"column":26},"end":{"line":59,"column":40}}},"fnMap":{"0":{"name":"(anonymous_0)","decl":{"start":{"line":8,"column":2},"end":{"line":8,"column":3}},"loc":{"start":{"line":8,"column":16},"end":{"line":17,"column":3}},"line":8},"1":{"name":"(anonymous_1)","decl":{"start":{"line":18,"column":2},"end":{"line":18,"column":3}},"loc":{"start":{"line":18,"column":24},"end":{"line":20,"column":3}},"line":18},"2":{"name":"(anonymous_2)","decl":{"start":{"line":22,"column":2},"end":{"line":22,"column":3}},"loc":{"start":{"line":22,"column":21},"end":{"line":25,"column":3}},"line":22},"3":{"name":"(anonymous_3)","decl":{"start":{"line":26,"column":2},"end":{"line":26,"column":3}},"loc":{"start":{"line":26,"column":14},"end":{"line":28,"column":3}},"line":26},"4":{"name":"(anonymous_4)","decl":{"start":{"line":31,"column":2},"end":{"line":31,"column":3}},"loc":{"start":{"line":31,"column":23},"end":{"line":34,"column":3}},"line":31},"5":{"name":"(anonymous_5)","decl":{"start":{"line":35,"column":2},"end":{"line":35,"column":3}},"loc":{"start":{"line":35,"column":15},"end":{"line":37,"column":3}},"line":35},"6":{"name":"(anonymous_6)","decl":{"start":{"line":38,"column":2},"end":{"line":38,"column":3}},"loc":{"start":{"line":38,"column":30},"end":{"line":40,"column":3}},"line":38},"7":{"name":"(anonymous_7)","decl":{"start":{"line":42,"column":2},"end":{"line":42,"column":3}},"loc":{"start":{"line":42,"column":33},"end":{"line":44,"column":3}},"line":42},"8":{"name":"(anonymous_8)","decl":{"start":{"line":46,"column":2},"end":{"line":46,"column":3}},"loc":{"start":{"line":46,"column":29},"end":{"line":56,"column":3}},"line":46}},"branchMap":{"0":{"loc":{"start":{"line":47,"column":4},"end":{"line":53,"column":5}},"type":"switch","locations":[{"start":{"line":48,"column":6},"end":{"line":50,"column":14}},{"start":{"line":51,"column":6},"end":{"line":52,"column":37}}],"line":47}},"s":{"0":5,"1":11,"2":11,"3":11,"4":11,"5":11,"6":2,"7":1,"8":1,"9":2,"10":1,"11":1,"12":2,"13":5,"14":0,"15":0,"16":0,"17":0,"18":0,"19":0,"20":5},"f":{"0":11,"1":2,"2":1,"3":2,"4":1,"5":2,"6":5,"7":0,"8":0},"b":{"0":[0,0]},"_coverageSchema":"332fd63041d2c1bcb487cc26dd0d5f7d97098a6c","hash":"8b77c8d594021347dde88dd30e659d48a1d601dd"}
}
