{"/Users/fleviankanaiza/Documents/cpp1/cp1-news-app/client/js/actions/AppActions.js": {"path":"/Users/fleviankanaiza/Documents/cpp1/cp1-news-app/client/js/actions/AppActions.js","statementMap":{"0":{"start":{"line":3,"column":14},"end":{"line":3,"column":30}},"1":{"start":{"line":5,"column":15},"end":{"line":5,"column":40}},"2":{"start":{"line":6,"column":15},"end":{"line":6,"column":49}},"3":{"start":{"line":10,"column":8},"end":{"line":10,"column":30}},"4":{"start":{"line":11,"column":20},"end":{"line":11,"column":120}},"5":{"start":{"line":13,"column":8},"end":{"line":24,"column":15}},"6":{"start":{"line":15,"column":16},"end":{"line":15,"column":36}},"7":{"start":{"line":16,"column":33},"end":{"line":16,"column":55}},"8":{"start":{"line":17,"column":16},"end":{"line":20,"column":18}},"9":{"start":{"line":23,"column":16},"end":{"line":23,"column":35}},"10":{"start":{"line":27,"column":20},"end":{"line":27,"column":85}},"11":{"start":{"line":29,"column":8},"end":{"line":39,"column":15}},"12":{"start":{"line":31,"column":32},"end":{"line":31,"column":53}},"13":{"start":{"line":32,"column":16},"end":{"line":35,"column":18}},"14":{"start":{"line":38,"column":16},"end":{"line":38,"column":35}}},"fnMap":{"0":{"name":"(anonymous_0)","decl":{"start":{"line":9,"column":4},"end":{"line":9,"column":5}},"loc":{"start":{"line":9,"column":44},"end":{"line":25,"column":5}},"line":9},"1":{"name":"(anonymous_1)","decl":{"start":{"line":14,"column":18},"end":{"line":14,"column":19}},"loc":{"start":{"line":14,"column":32},"end":{"line":21,"column":13}},"line":14},"2":{"name":"(anonymous_2)","decl":{"start":{"line":22,"column":19},"end":{"line":22,"column":20}},"loc":{"start":{"line":22,"column":36},"end":{"line":24,"column":13}},"line":22},"3":{"name":"(anonymous_3)","decl":{"start":{"line":26,"column":4},"end":{"line":26,"column":5}},"loc":{"start":{"line":26,"column":46},"end":{"line":40,"column":5}},"line":26},"4":{"name":"(anonymous_4)","decl":{"start":{"line":30,"column":18},"end":{"line":30,"column":19}},"loc":{"start":{"line":30,"column":32},"end":{"line":36,"column":13}},"line":30},"5":{"name":"(anonymous_5)","decl":{"start":{"line":37,"column":19},"end":{"line":37,"column":20}},"loc":{"start":{"line":37,"column":36},"end":{"line":39,"column":13}},"line":37}},"branchMap":{},"s":{"0":5,"1":5,"2":5,"3":0,"4":0,"5":0,"6":0,"7":0,"8":0,"9":0,"10":0,"11":0,"12":0,"13":0,"14":0},"f":{"0":0,"1":0,"2":0,"3":0,"4":0,"5":0},"b":{},"_coverageSchema":"332fd63041d2c1bcb487cc26dd0d5f7d97098a6c","hash":"84d544561169b4b8f51170a861b704d3dbe888f6"}
,"/Users/fleviankanaiza/Documents/cpp1/cp1-news-app/client/js/components/App.jsx": {"path":"/Users/fleviankanaiza/Documents/cpp1/cp1-news-app/client/js/components/App.jsx","statementMap":{"0":{"start":{"line":8,"column":8},"end":{"line":15,"column":10}}},"fnMap":{"0":{"name":"(anonymous_0)","decl":{"start":{"line":7,"column":4},"end":{"line":7,"column":5}},"loc":{"start":{"line":7,"column":13},"end":{"line":16,"column":5}},"line":7}},"branchMap":{},"s":{"0":1},"f":{"0":1},"b":{},"_coverageSchema":"332fd63041d2c1bcb487cc26dd0d5f7d97098a6c","hash":"f05c88fe739a3e5595e821aa7b032265a8a5b503"}
,"/Users/fleviankanaiza/Documents/cpp1/cp1-news-app/client/js/components/Articles.jsx": {"path":"/Users/fleviankanaiza/Documents/cpp1/cp1-news-app/client/js/components/Articles.jsx","statementMap":{"0":{"start":{"line":12,"column":8},"end":{"line":22,"column":10}}},"fnMap":{"0":{"name":"(anonymous_0)","decl":{"start":{"line":11,"column":4},"end":{"line":11,"column":5}},"loc":{"start":{"line":11,"column":13},"end":{"line":23,"column":5}},"line":11}},"branchMap":{},"s":{"0":1},"f":{"0":1},"b":{},"_coverageSchema":"332fd63041d2c1bcb487cc26dd0d5f7d97098a6c","hash":"15d028d1d85e302c73281a40df15c8e59b5ca758"}
,"/Users/fleviankanaiza/Documents/cpp1/cp1-news-app/client/js/components/ArticlesTable.jsx": {"path":"/Users/fleviankanaiza/Documents/cpp1/cp1-news-app/client/js/components/ArticlesTable.jsx","statementMap":{"0":{"start":{"line":8,"column":16},"end":{"line":12,"column":1}},"1":{"start":{"line":16,"column":8},"end":{"line":16,"column":30}},"2":{"start":{"line":17,"column":8},"end":{"line":23,"column":9}},"3":{"start":{"line":24,"column":8},"end":{"line":24,"column":49}},"4":{"start":{"line":25,"column":8},"end":{"line":25,"column":59}},"5":{"start":{"line":28,"column":8},"end":{"line":28,"column":71}},"6":{"start":{"line":29,"column":8},"end":{"line":29,"column":50}},"7":{"start":{"line":33,"column":8},"end":{"line":33,"column":71}},"8":{"start":{"line":34,"column":8},"end":{"line":34,"column":50}},"9":{"start":{"line":37,"column":8},"end":{"line":37,"column":60}},"10":{"start":{"line":40,"column":23},"end":{"line":40,"column":34}},"11":{"start":{"line":41,"column":8},"end":{"line":43,"column":11}},"12":{"start":{"line":44,"column":8},"end":{"line":44,"column":60}},"13":{"start":{"line":45,"column":8},"end":{"line":45,"column":50}},"14":{"start":{"line":51,"column":8},"end":{"line":51,"column":75}},"15":{"start":{"line":56,"column":29},"end":{"line":56,"column":39}},"16":{"start":{"line":58,"column":8},"end":{"line":76,"column":10}}},"fnMap":{"0":{"name":"(anonymous_0)","decl":{"start":{"line":15,"column":4},"end":{"line":15,"column":5}},"loc":{"start":{"line":15,"column":32},"end":{"line":26,"column":5}},"line":15},"1":{"name":"(anonymous_1)","decl":{"start":{"line":27,"column":4},"end":{"line":27,"column":5}},"loc":{"start":{"line":27,"column":24},"end":{"line":30,"column":5}},"line":27},"2":{"name":"(anonymous_2)","decl":{"start":{"line":32,"column":4},"end":{"line":32,"column":5}},"loc":{"start":{"line":32,"column":32},"end":{"line":35,"column":5}},"line":32},"3":{"name":"(anonymous_3)","decl":{"start":{"line":36,"column":4},"end":{"line":36,"column":5}},"loc":{"start":{"line":36,"column":15},"end":{"line":38,"column":5}},"line":36},"4":{"name":"(anonymous_4)","decl":{"start":{"line":39,"column":4},"end":{"line":39,"column":5}},"loc":{"start":{"line":39,"column":25},"end":{"line":46,"column":5}},"line":39},"5":{"name":"(anonymous_5)","decl":{"start":{"line":47,"column":4},"end":{"line":47,"column":5}},"loc":{"start":{"line":47,"column":33},"end":{"line":52,"column":5}},"line":47},"6":{"name":"(anonymous_6)","decl":{"start":{"line":55,"column":4},"end":{"line":55,"column":5}},"loc":{"start":{"line":55,"column":13},"end":{"line":77,"column":5}},"line":55}},"branchMap":{},"s":{"0":4,"1":1,"2":1,"3":1,"4":1,"5":0,"6":0,"7":0,"8":0,"9":0,"10":0,"11":0,"12":0,"13":0,"14":0,"15":1,"16":1},"f":{"0":1,"1":0,"2":0,"3":0,"4":0,"5":0,"6":1},"b":{},"_coverageSchema":"332fd63041d2c1bcb487cc26dd0d5f7d97098a6c","hash":"8eec0b4c3a61ec36285f0deb3ded23a8f4926e0d"}
,"/Users/fleviankanaiza/Documents/cpp1/cp1-news-app/client/js/components/Content.jsx": {"path":"/Users/fleviankanaiza/Documents/cpp1/cp1-news-app/client/js/components/Content.jsx","statementMap":{"0":{"start":{"line":8,"column":8},"end":{"line":8,"column":30}},"1":{"start":{"line":9,"column":8},"end":{"line":13,"column":9}},"2":{"start":{"line":14,"column":8},"end":{"line":14,"column":57}},"3":{"start":{"line":15,"column":8},"end":{"line":15,"column":67}},"4":{"start":{"line":19,"column":25},"end":{"line":19,"column":34}},"5":{"start":{"line":20,"column":27},"end":{"line":20,"column":38}},"6":{"start":{"line":21,"column":8},"end":{"line":24,"column":11}},"7":{"start":{"line":27,"column":8},"end":{"line":30,"column":11}},"8":{"start":{"line":35,"column":8},"end":{"line":44,"column":10}}},"fnMap":{"0":{"name":"(anonymous_0)","decl":{"start":{"line":7,"column":4},"end":{"line":7,"column":5}},"loc":{"start":{"line":7,"column":32},"end":{"line":16,"column":5}},"line":7},"1":{"name":"(anonymous_1)","decl":{"start":{"line":18,"column":4},"end":{"line":18,"column":5}},"loc":{"start":{"line":18,"column":46},"end":{"line":25,"column":5}},"line":18},"2":{"name":"(anonymous_2)","decl":{"start":{"line":26,"column":4},"end":{"line":26,"column":5}},"loc":{"start":{"line":26,"column":24},"end":{"line":31,"column":5}},"line":26},"3":{"name":"(anonymous_3)","decl":{"start":{"line":34,"column":4},"end":{"line":34,"column":5}},"loc":{"start":{"line":34,"column":13},"end":{"line":45,"column":5}},"line":34}},"branchMap":{},"s":{"0":1,"1":1,"2":1,"3":1,"4":0,"5":0,"6":0,"7":0,"8":1},"f":{"0":1,"1":0,"2":0,"3":1},"b":{},"_coverageSchema":"332fd63041d2c1bcb487cc26dd0d5f7d97098a6c","hash":"e29b2ba8807ba88a95e521bcb7717f4a5f503704"}
,"/Users/fleviankanaiza/Documents/cpp1/cp1-news-app/client/js/components/Header.jsx": {"path":"/Users/fleviankanaiza/Documents/cpp1/cp1-news-app/client/js/components/Header.jsx","statementMap":{"0":{"start":{"line":9,"column":8},"end":{"line":19,"column":10}}},"fnMap":{"0":{"name":"(anonymous_0)","decl":{"start":{"line":8,"column":4},"end":{"line":8,"column":5}},"loc":{"start":{"line":8,"column":13},"end":{"line":20,"column":5}},"line":8}},"branchMap":{},"s":{"0":1},"f":{"0":1},"b":{},"_coverageSchema":"332fd63041d2c1bcb487cc26dd0d5f7d97098a6c","hash":"c2a325abd940a5f0eb018f67c23b2d90cc4ae4e4"}
,"/Users/fleviankanaiza/Documents/cpp1/cp1-news-app/client/js/components/Login.jsx": {"path":"/Users/fleviankanaiza/Documents/cpp1/cp1-news-app/client/js/components/Login.jsx","statementMap":{"0":{"start":{"line":7,"column":8},"end":{"line":7,"column":30}},"1":{"start":{"line":11,"column":23},"end":{"line":11,"column":60}},"2":{"start":{"line":17,"column":8},"end":{"line":25,"column":10}}},"fnMap":{"0":{"name":"(anonymous_0)","decl":{"start":{"line":6,"column":4},"end":{"line":6,"column":5}},"loc":{"start":{"line":6,"column":32},"end":{"line":8,"column":5}},"line":6},"1":{"name":"(anonymous_1)","decl":{"start":{"line":10,"column":4},"end":{"line":10,"column":5}},"loc":{"start":{"line":10,"column":31},"end":{"line":14,"column":5}},"line":10},"2":{"name":"(anonymous_2)","decl":{"start":{"line":16,"column":4},"end":{"line":16,"column":5}},"loc":{"start":{"line":16,"column":13},"end":{"line":26,"column":5}},"line":16}},"branchMap":{},"s":{"0":1,"1":0,"2":1},"f":{"0":1,"1":0,"2":1},"b":{},"_coverageSchema":"332fd63041d2c1bcb487cc26dd0d5f7d97098a6c","hash":"94c5a92b382ae89d1edfb50e892c0f1d9869a33c"}
,"/Users/fleviankanaiza/Documents/cpp1/cp1-news-app/client/js/components/Sources.jsx": {"path":"/Users/fleviankanaiza/Documents/cpp1/cp1-news-app/client/js/components/Sources.jsx","statementMap":{"0":{"start":{"line":8,"column":16},"end":{"line":30,"column":1}},"1":{"start":{"line":33,"column":8},"end":{"line":33,"column":16}},"2":{"start":{"line":34,"column":8},"end":{"line":41,"column":9}},"3":{"start":{"line":42,"column":8},"end":{"line":42,"column":49}},"4":{"start":{"line":43,"column":8},"end":{"line":43,"column":69}},"5":{"start":{"line":46,"column":8},"end":{"line":46,"column":104}},"6":{"start":{"line":47,"column":8},"end":{"line":47,"column":50}},"7":{"start":{"line":51,"column":8},"end":{"line":51,"column":58}},"8":{"start":{"line":54,"column":32},"end":{"line":54,"column":44}},"9":{"start":{"line":56,"column":8},"end":{"line":63,"column":11}},"10":{"start":{"line":57,"column":30},"end":{"line":59,"column":14}},"11":{"start":{"line":60,"column":12},"end":{"line":62,"column":15}},"12":{"start":{"line":65,"column":8},"end":{"line":65,"column":104}},"13":{"start":{"line":66,"column":8},"end":{"line":66,"column":50}},"14":{"start":{"line":69,"column":8},"end":{"line":69,"column":34}},"15":{"start":{"line":70,"column":8},"end":{"line":74,"column":12}},"16":{"start":{"line":70,"column":38},"end":{"line":74,"column":9}},"17":{"start":{"line":84,"column":12},"end":{"line":84,"column":22}},"18":{"start":{"line":87,"column":28},"end":{"line":100,"column":10}},"19":{"start":{"line":88,"column":12},"end":{"line":99,"column":14}},"20":{"start":{"line":94,"column":41},"end":{"line":94,"column":93}},"21":{"start":{"line":102,"column":8},"end":{"line":141,"column":10}},"22":{"start":{"line":120,"column":24},"end":{"line":122,"column":33}},"23":{"start":{"line":132,"column":24},"end":{"line":134,"column":33}}},"fnMap":{"0":{"name":"(anonymous_0)","decl":{"start":{"line":32,"column":4},"end":{"line":32,"column":5}},"loc":{"start":{"line":32,"column":18},"end":{"line":44,"column":5}},"line":32},"1":{"name":"(anonymous_1)","decl":{"start":{"line":45,"column":4},"end":{"line":45,"column":5}},"loc":{"start":{"line":45,"column":24},"end":{"line":48,"column":5}},"line":45},"2":{"name":"(anonymous_2)","decl":{"start":{"line":50,"column":4},"end":{"line":50,"column":5}},"loc":{"start":{"line":50,"column":15},"end":{"line":52,"column":5}},"line":50},"3":{"name":"(anonymous_3)","decl":{"start":{"line":53,"column":4},"end":{"line":53,"column":5}},"loc":{"start":{"line":53,"column":30},"end":{"line":67,"column":5}},"line":53},"4":{"name":"(anonymous_4)","decl":{"start":{"line":56,"column":22},"end":{"line":56,"column":23}},"loc":{"start":{"line":56,"column":37},"end":{"line":63,"column":9}},"line":56},"5":{"name":"(anonymous_5)","decl":{"start":{"line":68,"column":4},"end":{"line":68,"column":5}},"loc":{"start":{"line":68,"column":21},"end":{"line":75,"column":5}},"line":68},"6":{"name":"(anonymous_6)","decl":{"start":{"line":70,"column":27},"end":{"line":70,"column":28}},"loc":{"start":{"line":70,"column":38},"end":{"line":74,"column":9}},"line":70},"7":{"name":"(anonymous_7)","decl":{"start":{"line":76,"column":4},"end":{"line":76,"column":5}},"loc":{"start":{"line":76,"column":13},"end":{"line":142,"column":5}},"line":76},"8":{"name":"(anonymous_8)","decl":{"start":{"line":87,"column":40},"end":{"line":87,"column":41}},"loc":{"start":{"line":87,"column":52},"end":{"line":100,"column":9}},"line":87},"9":{"name":"(anonymous_9)","decl":{"start":{"line":94,"column":33},"end":{"line":94,"column":34}},"loc":{"start":{"line":94,"column":39},"end":{"line":94,"column":95}},"line":94},"10":{"name":"(anonymous_10)","decl":{"start":{"line":119,"column":46},"end":{"line":119,"column":47}},"loc":{"start":{"line":120,"column":24},"end":{"line":122,"column":33}},"line":120},"11":{"name":"(anonymous_11)","decl":{"start":{"line":131,"column":57},"end":{"line":131,"column":58}},"loc":{"start":{"line":132,"column":24},"end":{"line":134,"column":33}},"line":132}},"branchMap":{},"s":{"0":3,"1":1,"2":1,"3":1,"4":1,"5":0,"6":0,"7":0,"8":0,"9":0,"10":0,"11":0,"12":0,"13":0,"14":1,"15":1,"16":0,"17":1,"18":1,"19":0,"20":0,"21":1,"22":3,"23":3},"f":{"0":1,"1":0,"2":0,"3":0,"4":0,"5":1,"6":0,"7":1,"8":0,"9":0,"10":3,"11":3},"b":{},"_coverageSchema":"332fd63041d2c1bcb487cc26dd0d5f7d97098a6c","hash":"cf913cc811cce5fe3f4616a5119f7e8e90f7440d"}
,"/Users/fleviankanaiza/Documents/cpp1/cp1-news-app/client/js/components/ToggleableArticles.jsx": {"path":"/Users/fleviankanaiza/Documents/cpp1/cp1-news-app/client/js/components/ToggleableArticles.jsx","statementMap":{"0":{"start":{"line":7,"column":8},"end":{"line":7,"column":21}},"1":{"start":{"line":8,"column":8},"end":{"line":11,"column":10}},"2":{"start":{"line":35,"column":8},"end":{"line":45,"column":10}}},"fnMap":{"0":{"name":"(anonymous_0)","decl":{"start":{"line":6,"column":4},"end":{"line":6,"column":5}},"loc":{"start":{"line":6,"column":23},"end":{"line":15,"column":5}},"line":6},"1":{"name":"(anonymous_1)","decl":{"start":{"line":33,"column":4},"end":{"line":33,"column":5}},"loc":{"start":{"line":33,"column":13},"end":{"line":58,"column":5}},"line":33}},"branchMap":{},"s":{"0":1,"1":1,"2":1},"f":{"0":1,"1":1},"b":{},"_coverageSchema":"332fd63041d2c1bcb487cc26dd0d5f7d97098a6c","hash":"b3ac816cfe2c58675c3f9c3b71173d1dae033dec"}
,"/Users/fleviankanaiza/Documents/cpp1/cp1-news-app/client/js/constants/AppConstants.js": {"path":"/Users/fleviankanaiza/Documents/cpp1/cp1-news-app/client/js/constants/AppConstants.js","statementMap":{"0":{"start":{"line":1,"column":0},"end":{"line":4,"column":2}}},"fnMap":{},"branchMap":{},"s":{"0":6},"f":{},"b":{},"_coverageSchema":"332fd63041d2c1bcb487cc26dd0d5f7d97098a6c","hash":"c060c273385c84b9e83f62a904783e7173ca52ef"}
,"/Users/fleviankanaiza/Documents/cpp1/cp1-news-app/client/js/dispatchers/AppDispatcher.js": {"path":"/Users/fleviankanaiza/Documents/cpp1/cp1-news-app/client/js/dispatchers/AppDispatcher.js","statementMap":{},"fnMap":{},"branchMap":{},"s":{},"f":{},"b":{},"_coverageSchema":"332fd63041d2c1bcb487cc26dd0d5f7d97098a6c","hash":"eab3544e2d062e0861370cf865a72993bd520ad9"}
,"/Users/fleviankanaiza/Documents/cpp1/cp1-news-app/client/js/stores/AppStore.js": {"path":"/Users/fleviankanaiza/Documents/cpp1/cp1-news-app/client/js/stores/AppStore.js","statementMap":{"0":{"start":{"line":5,"column":18},"end":{"line":5,"column":26}},"1":{"start":{"line":9,"column":8},"end":{"line":9,"column":16}},"2":{"start":{"line":10,"column":8},"end":{"line":13,"column":9}},"3":{"start":{"line":14,"column":8},"end":{"line":14,"column":88}},"4":{"start":{"line":15,"column":8},"end":{"line":15,"column":53}},"5":{"start":{"line":16,"column":8},"end":{"line":16,"column":55}},"6":{"start":{"line":19,"column":8},"end":{"line":19,"column":29}},"7":{"start":{"line":23,"column":8},"end":{"line":23,"column":36}},"8":{"start":{"line":24,"column":8},"end":{"line":24,"column":35}},"9":{"start":{"line":27,"column":8},"end":{"line":27,"column":34}},"10":{"start":{"line":31,"column":8},"end":{"line":31,"column":38}},"11":{"start":{"line":32,"column":8},"end":{"line":32,"column":35}},"12":{"start":{"line":35,"column":8},"end":{"line":35,"column":35}},"13":{"start":{"line":38,"column":8},"end":{"line":38,"column":37}},"14":{"start":{"line":42,"column":8},"end":{"line":42,"column":49}},"15":{"start":{"line":46,"column":8},"end":{"line":56,"column":9}},"16":{"start":{"line":48,"column":16},"end":{"line":48,"column":48}},"17":{"start":{"line":49,"column":16},"end":{"line":49,"column":22}},"18":{"start":{"line":51,"column":16},"end":{"line":51,"column":46}},"19":{"start":{"line":52,"column":16},"end":{"line":52,"column":49}},"20":{"start":{"line":53,"column":16},"end":{"line":53,"column":22}},"21":{"start":{"line":55,"column":16},"end":{"line":55,"column":45}},"22":{"start":{"line":58,"column":8},"end":{"line":58,"column":20}}},"fnMap":{"0":{"name":"(anonymous_0)","decl":{"start":{"line":8,"column":4},"end":{"line":8,"column":5}},"loc":{"start":{"line":8,"column":18},"end":{"line":17,"column":5}},"line":8},"1":{"name":"(anonymous_1)","decl":{"start":{"line":18,"column":4},"end":{"line":18,"column":5}},"loc":{"start":{"line":18,"column":26},"end":{"line":20,"column":5}},"line":18},"2":{"name":"(anonymous_2)","decl":{"start":{"line":22,"column":4},"end":{"line":22,"column":5}},"loc":{"start":{"line":22,"column":23},"end":{"line":25,"column":5}},"line":22},"3":{"name":"(anonymous_3)","decl":{"start":{"line":26,"column":4},"end":{"line":26,"column":5}},"loc":{"start":{"line":26,"column":17},"end":{"line":28,"column":5}},"line":26},"4":{"name":"(anonymous_4)","decl":{"start":{"line":30,"column":4},"end":{"line":30,"column":5}},"loc":{"start":{"line":30,"column":25},"end":{"line":33,"column":5}},"line":30},"5":{"name":"(anonymous_5)","decl":{"start":{"line":34,"column":4},"end":{"line":34,"column":5}},"loc":{"start":{"line":34,"column":18},"end":{"line":36,"column":5}},"line":34},"6":{"name":"(anonymous_6)","decl":{"start":{"line":37,"column":4},"end":{"line":37,"column":5}},"loc":{"start":{"line":37,"column":32},"end":{"line":39,"column":5}},"line":37},"7":{"name":"(anonymous_7)","decl":{"start":{"line":41,"column":4},"end":{"line":41,"column":5}},"loc":{"start":{"line":41,"column":35},"end":{"line":43,"column":5}},"line":41},"8":{"name":"(anonymous_8)","decl":{"start":{"line":45,"column":4},"end":{"line":45,"column":5}},"loc":{"start":{"line":45,"column":31},"end":{"line":59,"column":5}},"line":45}},"branchMap":{"0":{"loc":{"start":{"line":46,"column":8},"end":{"line":56,"column":9}},"type":"switch","locations":[{"start":{"line":47,"column":12},"end":{"line":49,"column":22}},{"start":{"line":50,"column":12},"end":{"line":53,"column":22}},{"start":{"line":54,"column":12},"end":{"line":55,"column":45}}],"line":46}},"s":{"0":6,"1":6,"2":6,"3":6,"4":6,"5":6,"6":0,"7":0,"8":0,"9":0,"10":0,"11":0,"12":0,"13":0,"14":0,"15":0,"16":0,"17":0,"18":0,"19":0,"20":0,"21":0,"22":0},"f":{"0":6,"1":0,"2":0,"3":0,"4":0,"5":0,"6":0,"7":0,"8":0},"b":{"0":[0,0,0]},"_coverageSchema":"332fd63041d2c1bcb487cc26dd0d5f7d97098a6c","hash":"7ab7a0db22c7532c110965ae2873dddade73ddb4"}
}
