TN:
SF:/Users/fleviankanaiza/Documents/cpp1/cp1-news-app/client/js/actions/AppActions.js
FN:9,(anonymous_0)
FN:14,(anonymous_1)
FN:22,(anonymous_2)
FN:26,(anonymous_3)
FN:30,(anonymous_4)
FN:37,(anonymous_5)
FNF:6
FNH:4
FNDA:2,(anonymous_0)
FNDA:0,(anonymous_1)
FNDA:1,(anonymous_2)
FNDA:1,(anonymous_3)
FNDA:0,(anonymous_4)
FNDA:1,(anonymous_5)
DA:3,5
DA:5,5
DA:6,5
DA:10,2
DA:11,2
DA:13,2
DA:15,0
DA:16,0
DA:17,0
DA:23,1
DA:27,1
DA:29,1
DA:31,0
DA:32,0
DA:38,1
LF:15
LH:10
BRF:0
BRH:0
end_of_record
TN:
SF:/Users/fleviankanaiza/Documents/cpp1/cp1-news-app/client/js/components/App.jsx
FN:7,(anonymous_0)
FNF:1
FNH:1
FNDA:1,(anonymous_0)
DA:8,1
LF:1
LH:1
BRF:0
BRH:0
end_of_record
TN:
SF:/Users/fleviankanaiza/Documents/cpp1/cp1-news-app/client/js/components/Articles.jsx
FN:11,(anonymous_0)
FNF:1
FNH:1
FNDA:1,(anonymous_0)
DA:12,1
LF:1
LH:1
BRF:0
BRH:0
end_of_record
TN:
SF:/Users/fleviankanaiza/Documents/cpp1/cp1-news-app/client/js/components/ArticlesTable.jsx
FN:15,(anonymous_0)
FN:27,(anonymous_1)
FN:32,(anonymous_2)
FN:36,(anonymous_3)
FN:39,(anonymous_4)
FN:47,(anonymous_5)
FN:55,(anonymous_6)
FNF:7
FNH:3
FNDA:3,(anonymous_0)
FNDA:2,(anonymous_1)
FNDA:0,(anonymous_2)
FNDA:0,(anonymous_3)
FNDA:0,(anonymous_4)
FNDA:0,(anonymous_5)
FNDA:3,(anonymous_6)
DA:8,4
DA:16,3
DA:17,3
DA:24,3
DA:25,3
DA:28,2
DA:29,2
DA:33,0
DA:34,0
DA:37,0
DA:40,0
DA:41,0
DA:44,0
DA:45,0
DA:51,0
DA:56,3
DA:58,3
LF:17
LH:9
BRF:0
BRH:0
end_of_record
TN:
SF:/Users/fleviankanaiza/Documents/cpp1/cp1-news-app/client/js/components/Content.jsx
FN:7,(anonymous_0)
FN:18,(anonymous_1)
FN:26,(anonymous_2)
FN:34,(anonymous_3)
FNF:4
FNH:2
FNDA:1,(anonymous_0)
FNDA:0,(anonymous_1)
FNDA:0,(anonymous_2)
FNDA:1,(anonymous_3)
DA:8,1
DA:9,1
DA:14,1
DA:15,1
DA:19,0
DA:20,0
DA:21,0
DA:27,0
DA:35,1
LF:9
LH:5
BRF:0
BRH:0
end_of_record
TN:
SF:/Users/fleviankanaiza/Documents/cpp1/cp1-news-app/client/js/components/Header.jsx
FN:8,(anonymous_0)
FNF:1
FNH:1
FNDA:1,(anonymous_0)
DA:9,1
LF:1
LH:1
BRF:0
BRH:0
end_of_record
TN:
SF:/Users/fleviankanaiza/Documents/cpp1/cp1-news-app/client/js/components/Login.jsx
FN:6,(anonymous_0)
FN:10,(anonymous_1)
FN:16,(anonymous_2)
FNF:3
FNH:2
FNDA:1,(anonymous_0)
FNDA:0,(anonymous_1)
FNDA:1,(anonymous_2)
DA:7,1
DA:11,0
DA:17,1
LF:3
LH:2
BRF:0
BRH:0
end_of_record
TN:
SF:/Users/fleviankanaiza/Documents/cpp1/cp1-news-app/client/js/components/Sources.jsx
FN:32,(anonymous_0)
FN:45,(anonymous_1)
FN:50,(anonymous_2)
FN:53,(anonymous_3)
FN:56,(anonymous_4)
FN:68,(anonymous_5)
FN:70,(anonymous_6)
FN:76,(anonymous_7)
FN:87,(anonymous_8)
FN:94,(anonymous_9)
FN:119,(anonymous_10)
FN:131,(anonymous_11)
FNF:12
FNH:8
FNDA:12,(anonymous_0)
FNDA:1,(anonymous_1)
FNDA:0,(anonymous_2)
FNDA:0,(anonymous_3)
FNDA:0,(anonymous_4)
FNDA:13,(anonymous_5)
FNDA:2,(anonymous_6)
FNDA:13,(anonymous_7)
FNDA:2,(anonymous_8)
FNDA:0,(anonymous_9)
FNDA:39,(anonymous_10)
FNDA:39,(anonymous_11)
DA:8,3
DA:33,12
DA:34,12
DA:42,12
DA:43,12
DA:46,1
DA:47,1
DA:51,0
DA:54,0
DA:56,0
DA:57,0
DA:60,0
DA:65,0
DA:66,0
DA:69,13
DA:70,13
DA:84,13
DA:87,13
DA:88,2
DA:94,0
DA:102,13
DA:120,39
DA:132,39
LF:23
LH:15
BRF:0
BRH:0
end_of_record
TN:
SF:/Users/fleviankanaiza/Documents/cpp1/cp1-news-app/client/js/components/ToggleableArticles.jsx
FN:6,(anonymous_0)
FN:33,(anonymous_1)
FNF:2
FNH:2
FNDA:1,(anonymous_0)
FNDA:1,(anonymous_1)
DA:7,1
DA:8,1
DA:35,1
LF:3
LH:3
BRF:0
BRH:0
end_of_record
TN:
SF:/Users/fleviankanaiza/Documents/cpp1/cp1-news-app/client/js/constants/AppConstants.js
FNF:0
FNH:0
DA:1,5
LF:1
LH:1
BRF:0
BRH:0
end_of_record
TN:
SF:/Users/fleviankanaiza/Documents/cpp1/cp1-news-app/client/js/dispatchers/AppDispatcher.js
FNF:0
FNH:0
LF:0
LH:0
BRF:0
BRH:0
end_of_record
TN:
SF:/Users/fleviankanaiza/Documents/cpp1/cp1-news-app/client/js/stores/AppStore.js
FN:8,(anonymous_0)
FN:18,(anonymous_1)
FN:22,(anonymous_2)
FN:26,(anonymous_3)
FN:30,(anonymous_4)
FN:34,(anonymous_5)
FN:37,(anonymous_6)
FN:41,(anonymous_7)
FN:45,(anonymous_8)
FNF:9
FNH:2
FNDA:5,(anonymous_0)
FNDA:0,(anonymous_1)
FNDA:0,(anonymous_2)
FNDA:0,(anonymous_3)
FNDA:0,(anonymous_4)
FNDA:0,(anonymous_5)
FNDA:3,(anonymous_6)
FNDA:0,(anonymous_7)
FNDA:0,(anonymous_8)
DA:5,5
DA:9,5
DA:10,5
DA:14,5
DA:15,5
DA:16,5
DA:19,0
DA:23,0
DA:24,0
DA:27,0
DA:31,0
DA:32,0
DA:35,0
DA:38,3
DA:42,0
DA:46,0
DA:48,0
DA:49,0
DA:51,0
DA:54,0
LF:20
LH:7
BRDA:46,0,0,0
BRDA:46,0,1,0
BRF:2
BRH:0
end_of_record
