TN:
SF:/Users/fleviankanaiza/Documents/cpp1/cp1-news-app/client/js/actions/AppActions.js
FN:9,(anonymous_0)
FN:13,(anonymous_1)
FN:20,(anonymous_2)
FN:24,(anonymous_3)
FN:28,(anonymous_4)
FN:35,(anonymous_5)
FNF:6
FNH:4
FNDA:2,(anonymous_0)
FNDA:0,(anonymous_1)
FNDA:1,(anonymous_2)
FNDA:3,(anonymous_3)
FNDA:0,(anonymous_4)
FNDA:2,(anonymous_5)
DA:3,4
DA:5,4
DA:6,4
DA:10,2
DA:12,2
DA:14,0
DA:15,0
DA:25,3
DA:27,3
DA:29,0
DA:30,0
LF:11
LH:7
BRF:0
BRH:0
end_of_record
TN:
SF:/Users/fleviankanaiza/Documents/cpp1/cp1-news-app/client/js/components/App.jsx
FN:7,(anonymous_0)
FNF:1
FNH:1
FNDA:1,(anonymous_0)
DA:8,1
LF:1
LH:1
BRF:0
BRH:0
end_of_record
TN:
SF:/Users/fleviankanaiza/Documents/cpp1/cp1-news-app/client/js/components/Articles.jsx
FN:15,(anonymous_0)
FN:27,(anonymous_1)
FN:32,(anonymous_2)
FN:36,(anonymous_3)
FN:39,(anonymous_4)
FN:47,(anonymous_5)
FN:55,(anonymous_6)
FNF:7
FNH:3
FNDA:5,(anonymous_0)
FNDA:2,(anonymous_1)
FNDA:0,(anonymous_2)
FNDA:0,(anonymous_3)
FNDA:0,(anonymous_4)
FNDA:0,(anonymous_5)
FNDA:6,(anonymous_6)
DA:8,3
DA:16,5
DA:17,5
DA:24,5
DA:25,5
DA:28,2
DA:29,2
DA:33,0
DA:34,0
DA:37,0
DA:40,0
DA:41,0
DA:44,0
DA:45,0
DA:51,0
DA:56,6
DA:58,6
LF:17
LH:9
BRF:0
BRH:0
end_of_record
TN:
SF:/Users/fleviankanaiza/Documents/cpp1/cp1-news-app/client/js/components/Content.jsx
FN:7,(anonymous_0)
FN:18,(anonymous_1)
FN:26,(anonymous_2)
FN:34,(anonymous_3)
FNF:4
FNH:2
FNDA:1,(anonymous_0)
FNDA:0,(anonymous_1)
FNDA:0,(anonymous_2)
FNDA:1,(anonymous_3)
DA:8,1
DA:9,1
DA:14,1
DA:15,1
DA:19,0
DA:20,0
DA:21,0
DA:27,0
DA:35,1
LF:9
LH:5
BRF:0
BRH:0
end_of_record
TN:
SF:/Users/fleviankanaiza/Documents/cpp1/cp1-news-app/client/js/components/Header.jsx
FN:8,(anonymous_0)
FNF:1
FNH:1
FNDA:1,(anonymous_0)
DA:9,1
LF:1
LH:1
BRF:0
BRH:0
end_of_record
TN:
SF:/Users/fleviankanaiza/Documents/cpp1/cp1-news-app/client/js/components/Login.jsx
FN:6,(anonymous_0)
FN:10,(anonymous_1)
FN:17,(anonymous_2)
FNF:3
FNH:2
FNDA:1,(anonymous_0)
FNDA:0,(anonymous_1)
FNDA:1,(anonymous_2)
DA:7,1
DA:11,0
DA:18,1
LF:3
LH:2
BRF:0
BRH:0
end_of_record
TN:
SF:/Users/fleviankanaiza/Documents/cpp1/cp1-news-app/client/js/components/Sources.jsx
FN:32,(anonymous_0)
FN:45,(anonymous_1)
FN:50,(anonymous_2)
FN:53,(anonymous_3)
FN:56,(anonymous_4)
FN:68,(anonymous_5)
FN:70,(anonymous_6)
FN:76,(anonymous_7)
FN:87,(anonymous_8)
FN:94,(anonymous_9)
FN:119,(anonymous_10)
FN:131,(anonymous_11)
FNF:12
FNH:10
FNDA:16,(anonymous_0)
FNDA:1,(anonymous_1)
FNDA:0,(anonymous_2)
FNDA:2,(anonymous_3)
FNDA:2,(anonymous_4)
FNDA:19,(anonymous_5)
FNDA:2,(anonymous_6)
FNDA:19,(anonymous_7)
FNDA:2,(anonymous_8)
FNDA:0,(anonymous_9)
FNDA:57,(anonymous_10)
FNDA:63,(anonymous_11)
DA:8,3
DA:33,16
DA:34,16
DA:42,16
DA:43,16
DA:46,1
DA:47,1
DA:51,0
DA:54,2
DA:56,2
DA:57,2
DA:60,2
DA:65,2
DA:66,2
DA:69,19
DA:70,19
DA:84,19
DA:87,19
DA:88,2
DA:94,0
DA:102,19
DA:120,57
DA:132,63
LF:23
LH:21
BRF:0
BRH:0
end_of_record
TN:
SF:/Users/fleviankanaiza/Documents/cpp1/cp1-news-app/client/js/constants/AppConstants.js
FNF:0
FNH:0
DA:1,5
LF:1
LH:1
BRF:0
BRH:0
end_of_record
TN:
SF:/Users/fleviankanaiza/Documents/cpp1/cp1-news-app/client/js/dispatchers/AppDispatcher.js
FNF:0
FNH:0
LF:0
LH:0
BRF:0
BRH:0
end_of_record
TN:
SF:/Users/fleviankanaiza/Documents/cpp1/cp1-news-app/client/js/stores/AppStore.js
FN:8,(anonymous_0)
FN:18,(anonymous_1)
FN:22,(anonymous_2)
FN:26,(anonymous_3)
FN:31,(anonymous_4)
FN:35,(anonymous_5)
FN:38,(anonymous_6)
FN:42,(anonymous_7)
FN:46,(anonymous_8)
FNF:9
FNH:7
FNDA:11,(anonymous_0)
FNDA:2,(anonymous_1)
FNDA:1,(anonymous_2)
FNDA:2,(anonymous_3)
FNDA:1,(anonymous_4)
FNDA:2,(anonymous_5)
FNDA:5,(anonymous_6)
FNDA:0,(anonymous_7)
FNDA:0,(anonymous_8)
DA:5,5
DA:9,11
DA:10,11
DA:14,11
DA:15,11
DA:16,11
DA:19,2
DA:23,1
DA:24,1
DA:27,2
DA:32,1
DA:33,1
DA:36,2
DA:39,5
DA:43,0
DA:47,0
DA:49,0
DA:50,0
DA:52,0
DA:55,0
DA:59,5
LF:21
LH:15
BRDA:47,0,0,0
BRDA:47,0,1,0
BRF:2
BRH:0
end_of_record
